{"total": {"lines":{"total":28,"covered":26,"skipped":0,"pct":92.85},"statements":{"total":30,"covered":28,"skipped":0,"pct":93.33},"functions":{"total":9,"covered":9,"skipped":0,"pct":100},"branches":{"total":6,"covered":4,"skipped":0,"pct":66.66},"branchesTrue":{"total":0,"covered":0,"skipped":0,"pct":"Unknown"}}
,"C:/Users/alyss/Documents/A4/CI_CD/Project/ci-cd-rendu/packages/server/src/storage.ts": {"lines":{"total":12,"covered":10,"skipped":0,"pct":83.33},"functions":{"total":3,"covered":3,"skipped":0,"pct":100},"statements":{"total":12,"covered":10,"skipped":0,"pct":83.33},"branches":{"total":4,"covered":2,"skipped":0,"pct":50}}
,"C:/Users/alyss/Documents/A4/CI_CD/Project/ci-cd-rendu/packages/server/src/todos.ts": {"lines":{"total":16,"covered":16,"skipped":0,"pct":100},"functions":{"total":6,"covered":6,"skipped":0,"pct":100},"statements":{"total":18,"covered":18,"skipped":0,"pct":100},"branches":{"total":2,"covered":2,"skipped":0,"pct":100}}
}
