{"C:/Users/alyss/Documents/A4/CI_CD/Project/ci-cd-rendu/packages/server/src/storage.ts": {"path":"C:/Users/alyss/Documents/A4/CI_CD/Project/ci-cd-rendu/packages/server/src/storage.ts","statementMap":{"0":{"start":{"line":6,"column":18},"end":{"line":6,"column":null}},"1":{"start":{"line":7,"column":17},"end":{"line":7,"column":null}},"2":{"start":{"line":8,"column":19},"end":{"line":8,"column":null}},"3":{"start":{"line":11,"column":2},"end":{"line":13,"column":null}},"4":{"start":{"line":12,"column":4},"end":{"line":12,"column":null}},"5":{"start":{"line":17,"column":2},"end":{"line":17,"column":null}},"6":{"start":{"line":19,"column":2},"end":{"line":21,"column":null}},"7":{"start":{"line":20,"column":4},"end":{"line":20,"column":null}},"8":{"start":{"line":23,"column":15},"end":{"line":23,"column":null}},"9":{"start":{"line":24,"column":2},"end":{"line":24,"column":null}},"10":{"start":{"line":28,"column":2},"end":{"line":28,"column":null}},"11":{"start":{"line":29,"column":2},"end":{"line":29,"column":null}}},"fnMap":{"0":{"name":"ensureDataDir","decl":{"start":{"line":10,"column":15},"end":{"line":10,"column":31}},"loc":{"start":{"line":10,"column":31},"end":{"line":14,"column":null}}},"1":{"name":"readTodos","decl":{"start":{"line":16,"column":22},"end":{"line":16,"column":34}},"loc":{"start":{"line":16,"column":34},"end":{"line":25,"column":null}}},"2":{"name":"writeTodos","decl":{"start":{"line":27,"column":22},"end":{"line":27,"column":33}},"loc":{"start":{"line":27,"column":51},"end":{"line":30,"column":null}}}},"branchMap":{"0":{"loc":{"start":{"line":11,"column":2},"end":{"line":13,"column":null}},"type":"if","locations":[{"start":{"line":11,"column":2},"end":{"line":13,"column":null}},{"start":{},"end":{}}]},"1":{"loc":{"start":{"line":19,"column":2},"end":{"line":21,"column":null}},"type":"if","locations":[{"start":{"line":19,"column":2},"end":{"line":21,"column":null}},{"start":{},"end":{}}]}},"s":{"0":1,"1":1,"2":1,"3":22,"4":0,"5":9,"6":9,"7":0,"8":9,"9":9,"10":13,"11":13},"f":{"0":22,"1":9,"2":13},"b":{"0":[0,22],"1":[0,9]}}
,"C:/Users/alyss/Documents/A4/CI_CD/Project/ci-cd-rendu/packages/server/src/todos.ts": {"path":"C:/Users/alyss/Documents/A4/CI_CD/Project/ci-cd-rendu/packages/server/src/todos.ts","statementMap":{"0":{"start":{"line":11,"column":2},"end":{"line":11,"column":null}},"1":{"start":{"line":15,"column":16},"end":{"line":15,"column":null}},"2":{"start":{"line":16,"column":24},"end":{"line":21,"column":null}},"3":{"start":{"line":22,"column":2},"end":{"line":22,"column":null}},"4":{"start":{"line":23,"column":2},"end":{"line":23,"column":null}},"5":{"start":{"line":24,"column":2},"end":{"line":24,"column":null}},"6":{"start":{"line":28,"column":16},"end":{"line":28,"column":null}},"7":{"start":{"line":29,"column":15},"end":{"line":29,"column":null}},"8":{"start":{"line":29,"column":31},"end":{"line":29,"column":42}},"9":{"start":{"line":30,"column":2},"end":{"line":33,"column":null}},"10":{"start":{"line":31,"column":4},"end":{"line":31,"column":null}},"11":{"start":{"line":32,"column":4},"end":{"line":32,"column":null}},"12":{"start":{"line":34,"column":2},"end":{"line":34,"column":null}},"13":{"start":{"line":38,"column":16},"end":{"line":38,"column":null}},"14":{"start":{"line":39,"column":19},"end":{"line":39,"column":null}},"15":{"start":{"line":39,"column":37},"end":{"line":39,"column":48}},"16":{"start":{"line":40,"column":2},"end":{"line":40,"column":null}},"17":{"start":{"line":41,"column":2},"end":{"line":41,"column":null}}},"fnMap":{"0":{"name":"getAllTodos","decl":{"start":{"line":10,"column":22},"end":{"line":10,"column":53}},"loc":{"start":{"line":10,"column":53},"end":{"line":12,"column":null}}},"1":{"name":"addTodo","decl":{"start":{"line":14,"column":22},"end":{"line":14,"column":30}},"loc":{"start":{"line":14,"column":59},"end":{"line":25,"column":null}}},"2":{"name":"toggleTodo","decl":{"start":{"line":27,"column":22},"end":{"line":27,"column":33}},"loc":{"start":{"line":27,"column":72},"end":{"line":35,"column":null}}},"3":{"name":"(anonymous_3)","decl":{"start":{"line":29,"column":26},"end":{"line":29,"column":31}},"loc":{"start":{"line":29,"column":31},"end":{"line":29,"column":42}}},"4":{"name":"deleteTodo","decl":{"start":{"line":37,"column":22},"end":{"line":37,"column":33}},"loc":{"start":{"line":37,"column":76},"end":{"line":42,"column":null}}},"5":{"name":"(anonymous_5)","decl":{"start":{"line":39,"column":32},"end":{"line":39,"column":37}},"loc":{"start":{"line":39,"column":37},"end":{"line":39,"column":48}}}},"branchMap":{"0":{"loc":{"start":{"line":30,"column":2},"end":{"line":33,"column":null}},"type":"if","locations":[{"start":{"line":30,"column":2},"end":{"line":33,"column":null}},{"start":{},"end":{}}]}},"s":{"0":1,"1":4,"2":4,"3":4,"4":4,"5":4,"6":2,"7":2,"8":1,"9":2,"10":1,"11":1,"12":2,"13":2,"14":2,"15":1,"16":2,"17":2},"f":{"0":1,"1":4,"2":2,"3":1,"4":2,"5":1},"b":{"0":[1,1]}}
}
