TN:
SF:src\storage.ts
FN:10,ensureDataDir
FN:16,readTodos
FN:27,writeTodos
FNF:3
FNH:3
FNDA:22,ensureDataDir
FNDA:9,readTodos
FNDA:13,writeTodos
DA:6,1
DA:7,1
DA:8,1
DA:11,22
DA:12,0
DA:17,9
DA:19,9
DA:20,0
DA:23,9
DA:24,9
DA:28,13
DA:29,13
LF:12
LH:10
BRDA:11,0,0,0
BRDA:11,0,1,22
BRDA:19,1,0,0
BRDA:19,1,1,9
BRF:4
BRH:2
end_of_record
TN:
SF:src\todos.ts
FN:10,getAllTodos
FN:14,addTodo
FN:27,toggleTodo
FN:29,(anonymous_3)
FN:37,deleteTodo
FN:39,(anonymous_5)
FNF:6
FNH:6
FNDA:1,getAllTodos
FNDA:4,addTodo
FNDA:2,toggleTodo
FNDA:1,(anonymous_3)
FNDA:2,deleteTodo
FNDA:1,(anonymous_5)
DA:11,1
DA:15,4
DA:16,4
DA:22,4
DA:23,4
DA:24,4
DA:28,2
DA:29,2
DA:30,2
DA:31,1
DA:32,1
DA:34,2
DA:38,2
DA:39,2
DA:40,2
DA:41,2
LF:16
LH:16
BRDA:30,0,0,1
BRDA:30,0,1,1
BRF:2
BRH:2
end_of_record
